Arguments: 
  /Users/ambreen.k/.nvm/versions/node/v14.17.0/bin/node /Users/ambreen.k/.nvm/versions/node/v14.17.0/bin/yarn login

PATH: 
  /Users/ambreen.k/google-cloud-sdk/bin:/Users/ambreen.k/ambysan/codebase/ecoflagly-writer/bin:/usr/local/opt/openjdk@8/bin:/Users/ambreen.k/.nvm/versions/node/v14.17.0/bin:/Library/Frameworks/Python.framework/Versions/3.8/bin:/usr/local/bin:/usr/bin:/bin:/usr/sbin:/sbin:/Library/Apple/usr/bin:/Users/ambreen.k/Library/Android/sdk/tools:/Users/ambreen.k/Library/Android/sdk/tools/bin:/Users/ambreen.k/Library/Android/sdk/platform-tools

Yarn version: 
  1.22.10

Node version: 
  14.17.0

Platform: 
  darwin x64

Trace: 
  Error: canceled
      at Interface.<anonymous> (/Users/ambreen.k/.nvm/versions/node/v14.17.0/lib/node_modules/yarn/lib/cli.js:136216:13)
      at Interface.emit (events.js:376:20)
      at Interface._ttyWrite (readline.js:880:16)
      at ReadStream.onkeypress (readline.js:213:10)
      at ReadStream.emit (events.js:376:20)
      at emitKeys (internal/readline/utils.js:345:14)
      at emitKeys.next (<anonymous>)
      at ReadStream.onData (readline.js:1149:36)
      at ReadStream.emit (events.js:376:20)
      at addChunk (internal/streams/readable.js:309:12)

npm manifest: 
  {
      "name": "webdriverio-tests",
      "version": "0.1.0",
      "private": true,
      "devDependencies": {
          "@wdio/allure-reporter": "^7.16.10",
          "@wdio/appium-service": "^7.16.6",
          "@wdio/cli": "^7.16.10",
          "@wdio/concise-reporter": "^7.16.4",
          "@wdio/dot-reporter": "^7.16.6",
          "@wdio/junit-reporter": "^7.16.6",
          "@wdio/local-runner": "^7.16.10",
          "@wdio/mocha-framework": "^7.16.6",
          "@wdio/spec-reporter": "^7.16.9",
          "chai": "^4.3.4",
          "chai-webdriverio": "^1.0.0",
          "chromedriver": "^96.0.0",
          "wdio-chromedriver-service": "^7.2.2"
      },
      "scripts": {
          "wdio": "npx wdio run wdio.conf.js",
          "wdio-login-test": "npx wdio run ./wdio.conf.js --spec example.e2e.js",
          "allure-report": "allure generate allure-results --clean && allure open",
          "elements": "npx wdio run ./wdio.conf.js --suite elements",
          "login": "npx wdio run ./wdio.conf.js --suite login"
      },
      "dependencies": {
          "allure-commandline": "^2.13.8",
          "wdio-video-reporter": "^3.1.3"
      }
  }

yarn manifest: 
  No manifest

Lockfile: 
  No lockfile
